-------------------------------------------------------------------------------
Test set: com.nnk.springboot.controller.CurveControllerTest
-------------------------------------------------------------------------------
Tests run: 11, Failures: 0, Errors: 0, Skipped: 0, Time elapsed: 0.143 s -- in com.nnk.springboot.controller.CurveControllerTest
com.nnk.springboot.controller.CurveControllerTest.deleteCurvePoint_NonExistentId_ShouldHandleError -- Time elapsed: 0.007 s
com.nnk.springboot.controller.CurveControllerTest.addCurveForm_ShouldReturnAddPage -- Time elapsed: 0.008 s
com.nnk.springboot.controller.CurveControllerTest.showUpdateForm_Success -- Time elapsed: 0.009 s
com.nnk.springboot.controller.CurveControllerTest.operations_ShouldSetAppropriateFlashMessages -- Time elapsed: 0.016 s
com.nnk.springboot.controller.CurveControllerTest.updateCurvePoint_Success -- Time elapsed: 0.011 s
com.nnk.springboot.controller.CurveControllerTest.updateCurvePoint_WithInvalidData_ShouldReturnToForm -- Time elapsed: 0.008 s
com.nnk.springboot.controller.CurveControllerTest.validate_WithInvalidData_ShouldReturnToForm -- Time elapsed: 0.005 s
com.nnk.springboot.controller.CurveControllerTest.validate_Success -- Time elapsed: 0.006 s
com.nnk.springboot.controller.CurveControllerTest.home_ShouldReturnCurvePointListPage -- Time elapsed: 0.053 s
com.nnk.springboot.controller.CurveControllerTest.deleteCurvePoint_Success -- Time elapsed: 0.010 s
com.nnk.springboot.controller.CurveControllerTest.accessWithoutAuthentication_ShouldRedirectToLogin -- Time elapsed: 0.002 s
